android/app/build/intermediates/manifest_merge_blame_file/debug/processDebugMainManifest/manifest-merger-blame-debug-report.txt
1<?xml version="1.0" encoding="utf-8"?>
2<manifest xmlns:android="http://schemas.android.com/apk/res/android"
3    package="com.example.mosuito"
4    android:versionCode="1"
5    android:versionName="1.0.0" >
6
7    <uses-sdk
8        android:minSdkVersion="23"
9        android:targetSdkVersion="34" />
10    <!--
11         The INTERNET permission is required for development. Specifically,
12         the Flutter tool needs it to communicate with the running application
13         to allow setting breakpoints, to provide hot reload, etc.
14    -->
15    <uses-permission android:name="android.permission.INTERNET" />
15-->src\debug\AndroidManifest.xml:6:5-66
15-->src\debug\AndroidManifest.xml:6:22-64
16    <!--
17     Required to query activities that can process text, see:
18         https://developer.android.com/training/package-visibility and
19         https://developer.android.com/reference/android/content/Intent#ACTION_PROCESS_TEXT.
20
21         In particular, this is used by the Flutter engine in io.flutter.plugin.text.ProcessTextPlugin.
22    -->
23    <queries>
23-->src\main\AndroidManifest.xml:39:5-44:15
24        <intent>
24-->src\main\AndroidManifest.xml:40:9-43:18
25            <action android:name="android.intent.action.PROCESS_TEXT" />
25-->src\main\AndroidManifest.xml:41:13-72
25-->src\main\AndroidManifest.xml:41:21-70
26
27            <data android:mimeType="text/plain" />
27-->src\main\AndroidManifest.xml:42:13-50
27-->src\main\AndroidManifest.xml:42:19-48
28        </intent>
29    </queries>
30
31    <uses-permission android:name="android.permission.WAKE_LOCK" />
31-->[:firebase_messaging] AndroidManifest.xml:8:5-68
31-->[:firebase_messaging] AndroidManifest.xml:8:22-65
32    <uses-permission android:name="android.permission.ACCESS_NETWORK_STATE" /> <!-- Permissions options for the `notification` group -->
32-->[:firebase_messaging] AndroidManifest.xml:9:5-79
32-->[:firebase_messaging] AndroidManifest.xml:9:22-76
33    <uses-permission android:name="android.permission.POST_NOTIFICATIONS" /> <!-- Required by older versions of Google Play services to create IID tokens -->
33-->[:firebase_messaging] AndroidManifest.xml:11:5-77
33-->[:firebase_messaging] AndroidManifest.xml:11:22-74
34    <uses-permission android:name="com.google.android.c2dm.permission.RECEIVE" />
34-->[com.google.firebase:firebase-messaging:25.0.1] AndroidManifest.xml:26:5-82
34-->[com.google.firebase:firebase-messaging:25.0.1] AndroidManifest.xml:26:22-79
35
36    <application
37        android:name="android.app.Application"
38        android:appComponentFactory="androidx.core.app.CoreComponentFactory"
38-->[androidx.core:core:1.6.0] AndroidManifest.xml:24:18-86
39        android:debuggable="true"
40        android:extractNativeLibs="false"
41        android:icon="@mipmap/ic_launcher"
42        android:label="mosuito" >
43        <activity
44            android:name="com.example.mosuito.MainActivity"
45            android:configChanges="orientation|keyboardHidden|keyboard|screenSize|smallestScreenSize|locale|layoutDirection|fontScale|screenLayout|density|uiMode"
46            android:exported="true"
47            android:hardwareAccelerated="true"
48            android:launchMode="singleTop"
49            android:taskAffinity=""
50            android:theme="@style/LaunchTheme"
51            android:windowSoftInputMode="adjustResize" >
52
53            <!--
54                 Specifies an Android theme to apply to this Activity as soon as
55                 the Android process has started. This theme is visible to the user
56                 while the Flutter UI initializes. After that, this theme continues
57                 to determine the Window background behind the Flutter UI.
58            -->
59            <meta-data
60                android:name="io.flutter.embedding.android.NormalTheme"
61                android:resource="@style/NormalTheme" />
62
63            <intent-filter>
64                <action android:name="android.intent.action.MAIN" />
65
66                <category android:name="android.intent.category.LAUNCHER" />
67            </intent-filter>
68        </activity>
69        <!--
70             Don't delete the meta-data below.
71             This is used by the Flutter tool to generate GeneratedPluginRegistrant.java
72        -->
73        <meta-data
74            android:name="flutterEmbedding"
75            android:value="2" />
76
77        <service
77-->[:cloud_firestore] AndroidManifest.xml:8:9-12:19
78            android:name="com.google.firebase.components.ComponentDiscoveryService"
78-->[:cloud_firestore] AndroidManifest.xml:8:18-89
79            android:directBootAware="true"
79-->[com.google.firebase:firebase-common:22.0.1] AndroidManifest.xml:32:13-43
80            android:exported="false" >
80-->[com.google.firebase:firebase-firestore:26.0.2] AndroidManifest.xml:16:13-37
81            <meta-data
81-->[:cloud_firestore] AndroidManifest.xml:9:13-11:85
82                android:name="com.google.firebase.components:io.flutter.plugins.firebase.firestore.FlutterFirebaseFirestoreRegistrar"
82-->[:cloud_firestore] AndroidManifest.xml:10:17-134
83                android:value="com.google.firebase.components.ComponentRegistrar" />
83-->[:cloud_firestore] AndroidManifest.xml:11:17-82
84            <meta-data
84-->[:firebase_messaging] AndroidManifest.xml:36:13-38:85
85                android:name="com.google.firebase.components:io.flutter.plugins.firebase.messaging.FlutterFirebaseAppRegistrar"
85-->[:firebase_messaging] AndroidManifest.xml:37:17-128
86                android:value="com.google.firebase.components.ComponentRegistrar" />
86-->[:firebase_messaging] AndroidManifest.xml:38:17-82
87            <meta-data
87-->[:firebase_core] AndroidManifest.xml:9:13-11:85
88                android:name="com.google.firebase.components:io.flutter.plugins.firebase.core.FlutterFirebaseCoreRegistrar"
88-->[:firebase_core] AndroidManifest.xml:10:17-124
89                android:value="com.google.firebase.components.ComponentRegistrar" />
89-->[:firebase_core] AndroidManifest.xml:11:17-82
90            <meta-data
90-->[com.google.firebase:firebase-firestore:26.0.2] AndroidManifest.xml:17:13-19:85
91                android:name="com.google.firebase.components:com.google.firebase.firestore.FirebaseFirestoreKtxRegistrar"
91-->[com.google.firebase:firebase-firestore:26.0.2] AndroidManifest.xml:18:17-122
92                android:value="com.google.firebase.components.ComponentRegistrar" />
92-->[com.google.firebase:firebase-firestore:26.0.2] AndroidManifest.xml:19:17-82
93            <meta-data
93-->[com.google.firebase:firebase-firestore:26.0.2] AndroidManifest.xml:20:13-22:85
94                android:name="com.google.firebase.components:com.google.firebase.firestore.FirestoreRegistrar"
94-->[com.google.firebase:firebase-firestore:26.0.2] AndroidManifest.xml:21:17-111
95                android:value="com.google.firebase.components.ComponentRegistrar" />
95-->[com.google.firebase:firebase-firestore:26.0.2] AndroidManifest.xml:22:17-82
96            <meta-data
96-->[com.google.firebase:firebase-messaging:25.0.1] AndroidManifest.xml:57:13-59:85
97                android:name="com.google.firebase.components:com.google.firebase.messaging.FirebaseMessagingKtxRegistrar"
97-->[com.google.firebase:firebase-messaging:25.0.1] AndroidManifest.xml:58:17-122
98                android:value="com.google.firebase.components.ComponentRegistrar" />
98-->[com.google.firebase:firebase-messaging:25.0.1] AndroidManifest.xml:59:17-82
99            <meta-data
99-->[com.google.firebase:firebase-messaging:25.0.1] AndroidManifest.xml:60:13-62:85
100                android:name="com.google.firebase.components:com.google.firebase.messaging.FirebaseMessagingRegistrar"
100-->[com.google.firebase:firebase-messaging:25.0.1] AndroidManifest.xml:61:17-119
101                android:value="com.google.firebase.components.ComponentRegistrar" />
101-->[com.google.firebase:firebase-messaging:25.0.1] AndroidManifest.xml:62:17-82
102            <meta-data
102-->[com.google.firebase:firebase-installations:19.0.1] AndroidManifest.xml:15:13-17:85
103                android:name="com.google.firebase.components:com.google.firebase.installations.FirebaseInstallationsKtxRegistrar"
103-->[com.google.firebase:firebase-installations:19.0.1] AndroidManifest.xml:16:17-130
104                android:value="com.google.firebase.components.ComponentRegistrar" />
104-->[com.google.firebase:firebase-installations:19.0.1] AndroidManifest.xml:17:17-82
105            <meta-data
105-->[com.google.firebase:firebase-installations:19.0.1] AndroidManifest.xml:18:13-20:85
106                android:name="com.google.firebase.components:com.google.firebase.installations.FirebaseInstallationsRegistrar"
106-->[com.google.firebase:firebase-installations:19.0.1] AndroidManifest.xml:19:17-127
107                android:value="com.google.firebase.components.ComponentRegistrar" />
107-->[com.google.firebase:firebase-installations:19.0.1] AndroidManifest.xml:20:17-82
108            <meta-data
108-->[com.google.firebase:firebase-common:22.0.1] AndroidManifest.xml:35:13-37:85
109                android:name="com.google.firebase.components:com.google.firebase.FirebaseCommonKtxRegistrar"
109-->[com.google.firebase:firebase-common:22.0.1] AndroidManifest.xml:36:17-109
110                android:value="com.google.firebase.components.ComponentRegistrar" />
110-->[com.google.firebase:firebase-common:22.0.1] AndroidManifest.xml:37:17-82
111            <meta-data
111-->[com.google.firebase:firebase-datatransport:18.2.0] AndroidManifest.xml:25:13-27:85
112                android:name="com.google.firebase.components:com.google.firebase.datatransport.TransportRegistrar"
112-->[com.google.firebase:firebase-datatransport:18.2.0] AndroidManifest.xml:26:17-115
113                android:value="com.google.firebase.components.ComponentRegistrar" />
113-->[com.google.firebase:firebase-datatransport:18.2.0] AndroidManifest.xml:27:17-82
114        </service>
115        <service
115-->[:firebase_messaging] AndroidManifest.xml:14:9-17:72
116            android:name="io.flutter.plugins.firebase.messaging.FlutterFirebaseMessagingBackgroundService"
116-->[:firebase_messaging] AndroidManifest.xml:15:13-107
117            android:exported="false"
117-->[:firebase_messaging] AndroidManifest.xml:16:13-37
118            android:permission="android.permission.BIND_JOB_SERVICE" />
118-->[:firebase_messaging] AndroidManifest.xml:17:13-69
119        <service
119-->[:firebase_messaging] AndroidManifest.xml:18:9-24:19
120            android:name="io.flutter.plugins.firebase.messaging.FlutterFirebaseMessagingService"
120-->[:firebase_messaging] AndroidManifest.xml:19:13-97
121            android:exported="false" >
121-->[:firebase_messaging] AndroidManifest.xml:20:13-37
122            <intent-filter>
122-->[:firebase_messaging] AndroidManifest.xml:21:13-23:29
123                <action android:name="com.google.firebase.MESSAGING_EVENT" />
123-->[:firebase_messaging] AndroidManifest.xml:22:17-78
123-->[:firebase_messaging] AndroidManifest.xml:22:25-75
124            </intent-filter>
125        </service>
126
127        <receiver
127-->[:firebase_messaging] AndroidManifest.xml:26:9-33:20
128            android:name="io.flutter.plugins.firebase.messaging.FlutterFirebaseMessagingReceiver"
128-->[:firebase_messaging] AndroidManifest.xml:27:13-98
129            android:exported="true"
129-->[:firebase_messaging] AndroidManifest.xml:28:13-36
130            android:permission="com.google.android.c2dm.permission.SEND" >
130-->[:firebase_messaging] AndroidManifest.xml:29:13-73
131            <intent-filter>
131-->[:firebase_messaging] AndroidManifest.xml:30:13-32:29
132                <action android:name="com.google.android.c2dm.intent.RECEIVE" />
132-->[:firebase_messaging] AndroidManifest.xml:31:17-81
132-->[:firebase_messaging] AndroidManifest.xml:31:25-78
133            </intent-filter>
134        </receiver>
135
136        <provider
136-->[:firebase_messaging] AndroidManifest.xml:41:9-45:38
137            android:name="io.flutter.plugins.firebase.messaging.FlutterFirebaseMessagingInitProvider"
137-->[:firebase_messaging] AndroidManifest.xml:42:13-102
138            android:authorities="com.example.mosuito.flutterfirebasemessaginginitprovider"
138-->[:firebase_messaging] AndroidManifest.xml:43:13-88
139            android:exported="false"
139-->[:firebase_messaging] AndroidManifest.xml:44:13-37
140            android:initOrder="99" />
140-->[:firebase_messaging] AndroidManifest.xml:45:13-35
141
142        <receiver
142-->[com.google.firebase:firebase-messaging:25.0.1] AndroidManifest.xml:29:9-40:20
143            android:name="com.google.firebase.iid.FirebaseInstanceIdReceiver"
143-->[com.google.firebase:firebase-messaging:25.0.1] AndroidManifest.xml:30:13-78
144            android:exported="true"
144-->[com.google.firebase:firebase-messaging:25.0.1] AndroidManifest.xml:31:13-36
145            android:permission="com.google.android.c2dm.permission.SEND" >
145-->[com.google.firebase:firebase-messaging:25.0.1] AndroidManifest.xml:32:13-73
146            <intent-filter>
146-->[:firebase_messaging] AndroidManifest.xml:30:13-32:29
147                <action android:name="com.google.android.c2dm.intent.RECEIVE" />
147-->[:firebase_messaging] AndroidManifest.xml:31:17-81
147-->[:firebase_messaging] AndroidManifest.xml:31:25-78
148            </intent-filter>
149
150            <meta-data
150-->[com.google.firebase:firebase-messaging:25.0.1] AndroidManifest.xml:37:13-39:40
151                android:name="com.google.android.gms.cloudmessaging.FINISHED_AFTER_HANDLED"
151-->[com.google.firebase:firebase-messaging:25.0.1] AndroidManifest.xml:38:17-92
152                android:value="true" />
152-->[com.google.firebase:firebase-messaging:25.0.1] AndroidManifest.xml:39:17-37
153        </receiver>
154        <!--
155             FirebaseMessagingService performs security checks at runtime,
156             but set to not exported to explicitly avoid allowing another app to call it.
157        -->
158        <service
158-->[com.google.firebase:firebase-messaging:25.0.1] AndroidManifest.xml:46:9-53:19
159            android:name="com.google.firebase.messaging.FirebaseMessagingService"
159-->[com.google.firebase:firebase-messaging:25.0.1] AndroidManifest.xml:47:13-82
160            android:directBootAware="true"
160-->[com.google.firebase:firebase-messaging:25.0.1] AndroidManifest.xml:48:13-43
161            android:exported="false" >
161-->[com.google.firebase:firebase-messaging:25.0.1] AndroidManifest.xml:49:13-37
162            <intent-filter android:priority="-500" >
162-->[:firebase_messaging] AndroidManifest.xml:21:13-23:29
163                <action android:name="com.google.firebase.MESSAGING_EVENT" />
163-->[:firebase_messaging] AndroidManifest.xml:22:17-78
163-->[:firebase_messaging] AndroidManifest.xml:22:25-75
164            </intent-filter>
165        </service>
166
167        <provider
167-->[com.google.firebase:firebase-common:22.0.1] AndroidManifest.xml:23:9-28:39
168            android:name="com.google.firebase.provider.FirebaseInitProvider"
168-->[com.google.firebase:firebase-common:22.0.1] AndroidManifest.xml:24:13-77
169            android:authorities="com.example.mosuito.firebaseinitprovider"
169-->[com.google.firebase:firebase-common:22.0.1] AndroidManifest.xml:25:13-72
170            android:directBootAware="true"
170-->[com.google.firebase:firebase-common:22.0.1] AndroidManifest.xml:26:13-43
171            android:exported="false"
171-->[com.google.firebase:firebase-common:22.0.1] AndroidManifest.xml:27:13-37
172            android:initOrder="100" />
172-->[com.google.firebase:firebase-common:22.0.1] AndroidManifest.xml:28:13-36
173
174        <uses-library
174-->[androidx.window:window:1.0.0-beta04] AndroidManifest.xml:25:9-27:40
175            android:name="androidx.window.extensions"
175-->[androidx.window:window:1.0.0-beta04] AndroidManifest.xml:26:13-54
176            android:required="false" />
176-->[androidx.window:window:1.0.0-beta04] AndroidManifest.xml:27:13-37
177        <uses-library
177-->[androidx.window:window:1.0.0-beta04] AndroidManifest.xml:28:9-30:40
178            android:name="androidx.window.sidecar"
178-->[androidx.window:window:1.0.0-beta04] AndroidManifest.xml:29:13-51
179            android:required="false" />
179-->[androidx.window:window:1.0.0-beta04] AndroidManifest.xml:30:13-37
180
181        <activity
181-->[com.google.android.gms:play-services-base:18.1.0] AndroidManifest.xml:20:9-22:45
182            android:name="com.google.android.gms.common.api.GoogleApiActivity"
182-->[com.google.android.gms:play-services-base:18.1.0] AndroidManifest.xml:20:19-85
183            android:exported="false"
183-->[com.google.android.gms:play-services-base:18.1.0] AndroidManifest.xml:22:19-43
184            android:theme="@android:style/Theme.Translucent.NoTitleBar" />
184-->[com.google.android.gms:play-services-base:18.1.0] AndroidManifest.xml:21:19-78
185
186        <meta-data
186-->[com.google.android.gms:play-services-basement:18.8.0] AndroidManifest.xml:21:9-23:69
187            android:name="com.google.android.gms.version"
187-->[com.google.android.gms:play-services-basement:18.8.0] AndroidManifest.xml:22:13-58
188            android:value="@integer/google_play_services_version" />
188-->[com.google.android.gms:play-services-basement:18.8.0] AndroidManifest.xml:23:13-66
189
190        <service
190-->[com.google.android.datatransport:transport-backend-cct:3.1.9] AndroidManifest.xml:28:9-34:19
191            android:name="com.google.android.datatransport.runtime.backends.TransportBackendDiscovery"
191-->[com.google.android.datatransport:transport-backend-cct:3.1.9] AndroidManifest.xml:29:13-103
192            android:exported="false" >
192-->[com.google.android.datatransport:transport-backend-cct:3.1.9] AndroidManifest.xml:30:13-37
193            <meta-data
193-->[com.google.android.datatransport:transport-backend-cct:3.1.9] AndroidManifest.xml:31:13-33:39
194                android:name="backend:com.google.android.datatransport.cct.CctBackendFactory"
194-->[com.google.android.datatransport:transport-backend-cct:3.1.9] AndroidManifest.xml:32:17-94
195                android:value="cct" />
195-->[com.google.android.datatransport:transport-backend-cct:3.1.9] AndroidManifest.xml:33:17-36
196        </service>
197        <service
197-->[com.google.android.datatransport:transport-runtime:3.1.9] AndroidManifest.xml:26:9-30:19
198            android:name="com.google.android.datatransport.runtime.scheduling.jobscheduling.JobInfoSchedulerService"
198-->[com.google.android.datatransport:transport-runtime:3.1.9] AndroidManifest.xml:27:13-117
199            android:exported="false"
199-->[com.google.android.datatransport:transport-runtime:3.1.9] AndroidManifest.xml:28:13-37
200            android:permission="android.permission.BIND_JOB_SERVICE" >
200-->[com.google.android.datatransport:transport-runtime:3.1.9] AndroidManifest.xml:29:13-69
201        </service>
202
203        <receiver
203-->[com.google.android.datatransport:transport-runtime:3.1.9] AndroidManifest.xml:32:9-34:40
204            android:name="com.google.android.datatransport.runtime.scheduling.jobscheduling.AlarmManagerSchedulerBroadcastReceiver"
204-->[com.google.android.datatransport:transport-runtime:3.1.9] AndroidManifest.xml:33:13-132
205            android:exported="false" />
205-->[com.google.android.datatransport:transport-runtime:3.1.9] AndroidManifest.xml:34:13-37
206    </application>
207
208</manifest>